<?xml version="1.0" encoding="UTF-8"?>
<testng-results skipped="0" failed="0" ignored="0" total="1" passed="1">
  <reporter-output>
  </reporter-output>
  <suite name="Default suite" duration-ms="69" started-at="2018-06-22T12:30:36Z" finished-at="2018-06-22T12:30:36Z">
    <groups>
    </groups>
    <test name="Default test" duration-ms="69" started-at="2018-06-22T12:30:36Z" finished-at="2018-06-22T12:30:36Z">
      <class name="com.git.demo.Demo">
        <test-method status="PASS" signature="test()[pri:0, instance:com.git.demo.Demo@6d00a15d]" name="test" duration-ms="13" started-at="2018-06-22T12:30:36Z" finished-at="2018-06-22T12:30:36Z">
          <reporter-output>
          </reporter-output>
        </test-method> <!-- test -->
      </class> <!-- com.git.demo.Demo -->
    </test> <!-- Default test -->
  </suite> <!-- Default suite -->
</testng-results>
